<?xml version="1.0" encoding="UTF-8"?>
<testsuite xmlns:xsi="http://www.w3.org/2001/XMLSchema-instance" xsi:noNamespaceSchemaLocation="https://maven.apache.org/surefire/maven-surefire-plugin/xsd/surefire-test-report.xsd" name="com.kingther.library.stringpadder.StringPadderImplTest" time="0.402" tests="8" errors="0" skipped="0" failures="0">
  <properties>
[...]
</properties>
  <testcase name="padLeftWithZeros" classname="com.kingther.library.stringpadder.StringPadderImplTest" time="0.359"/>
  <testcase name="padRightInvalidTotalLength" classname="com.kingther.library.stringpadder.StringPadderImplTest" time="0.001"/>
  <testcase name="padLeftWithZerosInvalidTotalLength" classname="com.kingther.library.stringpadder.StringPadderImplTest" time="0.001"/>
  <testcase name="padRightWithZerosInvalidTotalLength" classname="com.kingther.library.stringpadder.StringPadderImplTest" time="0"/>
  <testcase name="padLeft" classname="com.kingther.library.stringpadder.StringPadderImplTest" time="0"/>
  <testcase name="padLeftWithInvalidTotalLength" classname="com.kingther.library.stringpadder.StringPadderImplTest" time="0.001"/>
  <testcase name="padRightWithZeros" classname="com.kingther.library.stringpadder.StringPadderImplTest" time="0"/>
  <testcase name="padRight" classname="com.kingther.library.stringpadder.StringPadderImplTest" time="0.001"/>
</testsuite>